<?xml version="1.0" encoding="UTF-8"?>
<testsuite name="FormatterTest" tests="1" skipped="0" failures="0" errors="0" timestamp="2020-04-16T21:50:34" hostname="LAPTOP-UDFA407U" time="0.02">
  <properties/>
  <testcase name="formatterTest()" classname="FormatterTest" time="0.02"/>
  <system-out><![CDATA[]]></system-out>
  <system-err><![CDATA[]]></system-err>
</testsuite>
